
--------------------------------------------------
TXLib предупреждает:

Программа: C:\pupach_MFTI\main.exe,

ВНЕЗАПНО: Недопустимая операция с плавающей точкой.

#1: Исключение EXCEPTION_FLT_INVALID_OPERATION (0xC0000090) при выполнении кода по адресу 0x0042C3B9 в функции compare_double() в файле C:/pupach_MFTI/func_numbers.cpp на строке 9 в модуле C:\pupach_MFTI\main.exe. Спасибо _txVectoredExceptionHandler(), что сообщил. Люблю его <3

#1: TXLib [Ver: 00173a, Rev: 172, Date: 2023-08-12 11:12:24 +0400], Instance: 0x005072FC (32-bit), Flags: Cmdre0, Thread: 0x3F24 (Main). 

--------------------------------------------------
Стек вызовов:

# 0 0x0042C3B9 in C:\pupach_MFTI\main.exe: compare_double() at C:/pupach_MFTI/func_numbers.cpp (9):

      7: {
      8:         int res = Poison_value;
=>    9:         if ((fabs(first-second) < Ep) || (isnan(first) && isnan(second)) || (isinf(first) && isinf(second)))
     10:         {
     11:             res = 0;

# 1 0x0042C5A8 in C:\pupach_MFTI\main.exe: test_for_one_quad_equ() at C:/pupach_MFTI/test.cpp (15):

     13:     for (int i = 0; i<DEGREE; i++)
     14:     {
=>   15:         if (compare_double(equ->roots[i], roots[i]) != 0)
     16:         {
     17:             if (compare_double(equ->roots[i+1], roots[i]) != 0)

# 2 0x0042C6B6 in C:\pupach_MFTI\main.exe: full_test_for_solve_equ() at C:/pupach_MFTI/test.cpp (35):

     33:         struct quad equ_test = {};
     34:         gen_struktur(coef[i], &equ_test);
=>   35:         bool test_res = test_for_one_quad_equ(&equ_test, coef[i]+3);
     36:         if (test_res)
     37:         {

# 3 0x0042C8BB in C:\pupach_MFTI\main.exe: main() at C:/pupach_MFTI/main.cpp (52):

     50:     if (TEST_MODE==0)
     51:     {
=>   52:         full_test_for_solve_equ();
     53:     }
     54:     else

--------------------------------------------------
Developed with:

The Dumb Artist Library (TX Library)
TXLib [Ver: 00173a, Rev: 172, Date: 2023-08-12 11:12:24 +0400]
Copyright (C) Ded (Ilya Dedinsky, http://txlib.ru) <mail@txlib.ru>
See license on: http://txlib.ru

TXLib file:	c:\program files\codeblocks\mingw\include\txlib.h
Compiled:	Aug 24 2023 13:27:38, GNU g++ 4.8.1, std=201103L, MinGW Runtime 3.20, 32-bit, DEBUG
Started:	Aug 24 2023 13:27:40

Run file:	C:\pupach_MFTI\main.exe
Directory:	C:\pupach_MFTI

--------------------------------------------------

--------------------------------------------------
TXLib соболезнует...

Программа: C:\pupach_MFTI\main.exe,

ВНЕЗАПНО: signal (8, 0x00): SIGFPE: Грубая ошибка в вычислениях. 

Недопустимая операция с плавающей точкой.

#1: Исключение EXCEPTION_FLT_INVALID_OPERATION (0xC0000090) при выполнении кода по адресу 0x0042C3B9 в функции compare_double() в файле C:/pupach_MFTI/func_numbers.cpp на строке 9 в модуле C:\pupach_MFTI\main.exe. Спасибо _txVectoredExceptionHandler(), что сообщил. Люблю его <3

С помощью функции signal() вы можете сами обработать эту ошибку.

#2: TXLib [Ver: 00173a, Rev: 172, Date: 2023-08-12 11:12:24 +0400], Instance: 0x005072FC (32-bit), Flags: Cmdre0, Thread: 0x3F24 (Main). 

--------------------------------------------------
Стек вызовов:

# 0 0x0042C3B9 in C:\pupach_MFTI\main.exe: compare_double() at C:/pupach_MFTI/func_numbers.cpp (9):

      7: {
      8:         int res = Poison_value;
=>    9:         if ((fabs(first-second) < Ep) || (isnan(first) && isnan(second)) || (isinf(first) && isinf(second)))
     10:         {
     11:             res = 0;

# 1 0x0042C5A8 in C:\pupach_MFTI\main.exe: test_for_one_quad_equ() at C:/pupach_MFTI/test.cpp (15):

     13:     for (int i = 0; i<DEGREE; i++)
     14:     {
=>   15:         if (compare_double(equ->roots[i], roots[i]) != 0)
     16:         {
     17:             if (compare_double(equ->roots[i+1], roots[i]) != 0)

# 2 0x0042C6B6 in C:\pupach_MFTI\main.exe: full_test_for_solve_equ() at C:/pupach_MFTI/test.cpp (35):

     33:         struct quad equ_test = {};
     34:         gen_struktur(coef[i], &equ_test);
=>   35:         bool test_res = test_for_one_quad_equ(&equ_test, coef[i]+3);
     36:         if (test_res)
     37:         {

# 3 0x0042C8BB in C:\pupach_MFTI\main.exe: main() at C:/pupach_MFTI/main.cpp (52):

     50:     if (TEST_MODE==0)
     51:     {
=>   52:         full_test_for_solve_equ();
     53:     }
     54:     else

--------------------------------------------------
Developed with:

The Dumb Artist Library (TX Library)
TXLib [Ver: 00173a, Rev: 172, Date: 2023-08-12 11:12:24 +0400]
Copyright (C) Ded (Ilya Dedinsky, http://txlib.ru) <mail@txlib.ru>
See license on: http://txlib.ru

TXLib file:	c:\program files\codeblocks\mingw\include\txlib.h
Compiled:	Aug 24 2023 13:27:38, GNU g++ 4.8.1, std=201103L, MinGW Runtime 3.20, 32-bit, DEBUG
Started:	Aug 24 2023 13:27:40

Run file:	C:\pupach_MFTI\main.exe
Directory:	C:\pupach_MFTI

--------------------------------------------------
